
> my-v0-project@0.1.0 start
> next start

   ▲ Next.js 16.0.0
   - Local:        http://localhost:64328
   - Network:      http://192.168.100.102:64328

 ✓ Starting...
 ✓ Ready in 1349ms

> my-v0-project@0.1.0 start
> next start


> my-v0-project@0.1.0 start
> next start

   ▲ Next.js 16.0.0
   - Local:        http://localhost:61304
   - Network:      http://192.168.100.102:61304

 ✓ Starting...
 ✓ Ready in 995ms

> my-v0-project@0.1.0 start
> next start

   ▲ Next.js 16.0.0
   - Local:        http://localhost:53867
   - Network:      http://192.168.100.102:53867

 ✓ Starting...
 ✓ Ready in 1458ms

> my-v0-project@0.1.0 start
> next start

   ▲ Next.js 16.0.0
   - Local:        http://localhost:60088
   - Network:      http://192.168.100.102:60088

 ✓ Starting...
 ✓ Ready in 1370ms

> my-v0-project@0.1.0 start
> next start

   ▲ Next.js 16.0.0
   - Local:        http://localhost:57567
   - Network:      http://192.168.100.102:57567

 ✓ Starting...
 ✓ Ready in 1577ms

> my-v0-project@0.1.0 start
> next start

   ▲ Next.js 16.0.0
   - Local:        http://localhost:52261
   - Network:      http://192.168.100.102:52261

 ✓ Starting...
 ✓ Ready in 1671ms

> my-v0-project@0.1.0 start
> next start

   ▲ Next.js 16.0.0
   - Local:        http://localhost:57832
   - Network:      http://192.168.100.102:57832

 ✓ Starting...
 ✓ Ready in 1523ms

> my-v0-project@0.1.0 start
> next start

   ▲ Next.js 16.0.0
   - Local:        http://localhost:57577
   - Network:      http://192.168.100.102:57577

 ✓ Starting...
 ✓ Ready in 1945ms

> my-v0-project@0.1.0 start
> next start

   ▲ Next.js 16.0.0
   - Local:        http://localhost:59558
   - Network:      http://192.168.100.102:59558

 ✓ Starting...
 ✓ Ready in 1196ms

> my-v0-project@0.1.0 start
> next start

   ▲ Next.js 16.0.0
   - Local:        http://localhost:49709
   - Network:      http://192.168.100.102:49709

 ✓ Starting...
 ✓ Ready in 1080ms

> my-v0-project@0.1.0 start
> next start

   ▲ Next.js 16.0.0
   - Local:        http://localhost:49700
   - Network:      http://192.168.100.102:49700

 ✓ Starting...
 ✓ Ready in 1118ms

> my-v0-project@0.1.0 start
> next start


> my-v0-project@0.1.0 start
> next start

   ▲ Next.js 16.0.0
   - Local:        http://localhost:54279
   - Network:      http://192.168.100.102:54279

 ✓ Starting...
 ✓ Ready in 1142ms

> my-v0-project@0.1.0 start
> next start

   ▲ Next.js 16.0.0
   - Local:        http://localhost:65084
   - Network:      http://192.168.100.102:65084

 ✓ Starting...
 ✓ Ready in 1406ms

> my-v0-project@0.1.0 start
> next start

   ▲ Next.js 16.0.0
   - Local:        http://localhost:53316
   - Network:      http://192.168.100.102:53316

 ✓ Starting...
 ✓ Ready in 1092ms

> my-v0-project@0.1.0 start
> next start

   ▲ Next.js 16.0.0
   - Local:        http://localhost:56736
   - Network:      http://192.168.100.102:56736

 ✓ Starting...
 ✓ Ready in 1251ms
